2025-02-28T15:23:55.898+05:30  INFO 10056 --- [employee_payroll_app] [restartedMain] c.payroll.EmployeePayrollAppApplication  : Starting EmployeePayrollAppApplication using Java 17.0.12 with PID 10056 (C:\Users\sonuc\Desktop\Java\SpringBoot\Employee-Payroll-App\employee_payroll_app\target\classes started by sonuc in C:\Users\sonuc\Desktop\Java\SpringBoot\Employee-Payroll-App\employee_payroll_app)
2025-02-28T15:23:55.901+05:30 DEBUG 10056 --- [employee_payroll_app] [restartedMain] c.payroll.EmployeePayrollAppApplication  : Running with Spring Boot v3.4.3, Spring v6.2.3
2025-02-28T15:23:55.903+05:30  INFO 10056 --- [employee_payroll_app] [restartedMain] c.payroll.EmployeePayrollAppApplication  : No active profile set, falling back to 1 default profile: "default"
2025-02-28T15:23:55.971+05:30  INFO 10056 --- [employee_payroll_app] [restartedMain] .e.DevToolsPropertyDefaultsPostProcessor : Devtools property defaults active! Set 'spring.devtools.add-properties' to 'false' to disable
2025-02-28T15:23:55.972+05:30  INFO 10056 --- [employee_payroll_app] [restartedMain] .e.DevToolsPropertyDefaultsPostProcessor : For additional web related logging consider setting the 'logging.level.web' property to 'DEBUG'
2025-02-28T15:23:56.818+05:30  INFO 10056 --- [employee_payroll_app] [restartedMain] .s.d.r.c.RepositoryConfigurationDelegate : Bootstrapping Spring Data JPA repositories in DEFAULT mode.
2025-02-28T15:23:56.886+05:30  INFO 10056 --- [employee_payroll_app] [restartedMain] .s.d.r.c.RepositoryConfigurationDelegate : Finished Spring Data repository scanning in 56 ms. Found 1 JPA repository interface.
2025-02-28T15:23:57.584+05:30  INFO 10056 --- [employee_payroll_app] [restartedMain] o.s.b.w.embedded.tomcat.TomcatWebServer  : Tomcat initialized with port 8080 (http)
2025-02-28T15:23:57.602+05:30  INFO 10056 --- [employee_payroll_app] [restartedMain] o.apache.catalina.core.StandardService   : Starting service [Tomcat]
2025-02-28T15:23:57.603+05:30  INFO 10056 --- [employee_payroll_app] [restartedMain] o.apache.catalina.core.StandardEngine    : Starting Servlet engine: [Apache Tomcat/10.1.36]
2025-02-28T15:23:57.664+05:30  INFO 10056 --- [employee_payroll_app] [restartedMain] o.a.c.c.C.[Tomcat].[localhost].[/]       : Initializing Spring embedded WebApplicationContext
2025-02-28T15:23:57.665+05:30  INFO 10056 --- [employee_payroll_app] [restartedMain] w.s.c.ServletWebServerApplicationContext : Root WebApplicationContext: initialization completed in 1692 ms
2025-02-28T15:23:57.840+05:30  INFO 10056 --- [employee_payroll_app] [restartedMain] o.hibernate.jpa.internal.util.LogHelper  : HHH000204: Processing PersistenceUnitInfo [name: default]
2025-02-28T15:23:57.915+05:30  INFO 10056 --- [employee_payroll_app] [restartedMain] org.hibernate.Version                    : HHH000412: Hibernate ORM core version 6.6.8.Final
2025-02-28T15:23:57.961+05:30  INFO 10056 --- [employee_payroll_app] [restartedMain] o.h.c.internal.RegionFactoryInitiator    : HHH000026: Second-level cache disabled
2025-02-28T15:23:58.270+05:30  INFO 10056 --- [employee_payroll_app] [restartedMain] o.s.o.j.p.SpringPersistenceUnitInfo      : No LoadTimeWeaver setup: ignoring JPA class transformer
2025-02-28T15:23:58.319+05:30  INFO 10056 --- [employee_payroll_app] [restartedMain] com.zaxxer.hikari.HikariDataSource       : HikariPool-1 - Starting...
2025-02-28T15:23:58.639+05:30  INFO 10056 --- [employee_payroll_app] [restartedMain] com.zaxxer.hikari.pool.HikariPool        : HikariPool-1 - Added connection com.mysql.cj.jdbc.ConnectionImpl@4edd628
2025-02-28T15:23:58.642+05:30  INFO 10056 --- [employee_payroll_app] [restartedMain] com.zaxxer.hikari.HikariDataSource       : HikariPool-1 - Start completed.
2025-02-28T15:23:58.713+05:30  WARN 10056 --- [employee_payroll_app] [restartedMain] org.hibernate.orm.deprecation            : HHH90000025: MySQL8Dialect does not need to be specified explicitly using 'hibernate.dialect' (remove the property setting and it will be selected by default)
2025-02-28T15:23:58.715+05:30  WARN 10056 --- [employee_payroll_app] [restartedMain] org.hibernate.orm.deprecation            : HHH90000026: MySQL8Dialect has been deprecated; use org.hibernate.dialect.MySQLDialect instead
2025-02-28T15:23:58.739+05:30  INFO 10056 --- [employee_payroll_app] [restartedMain] org.hibernate.orm.connections.pooling    : HHH10001005: Database info:
	Database JDBC URL [Connecting through datasource 'HikariDataSource (HikariPool-1)']
	Database driver: undefined/unknown
	Database version: 8.0
	Autocommit mode: undefined/unknown
	Isolation level: undefined/unknown
	Minimum pool size: undefined/unknown
	Maximum pool size: undefined/unknown
2025-02-28T15:23:59.752+05:30  INFO 10056 --- [employee_payroll_app] [restartedMain] o.h.e.t.j.p.i.JtaPlatformInitiator       : HHH000489: No JTA platform available (set 'hibernate.transaction.jta.platform' to enable JTA platform integration)
2025-02-28T15:23:59.829+05:30  INFO 10056 --- [employee_payroll_app] [restartedMain] j.LocalContainerEntityManagerFactoryBean : Initialized JPA EntityManagerFactory for persistence unit 'default'
2025-02-28T15:23:59.896+05:30  WARN 10056 --- [employee_payroll_app] [restartedMain] JpaBaseConfiguration$JpaWebConfiguration : spring.jpa.open-in-view is enabled by default. Therefore, database queries may be performed during view rendering. Explicitly configure spring.jpa.open-in-view to disable this warning
2025-02-28T15:24:00.443+05:30  INFO 10056 --- [employee_payroll_app] [restartedMain] o.s.b.d.a.OptionalLiveReloadServer       : LiveReload server is running on port 35729
2025-02-28T15:24:00.482+05:30  INFO 10056 --- [employee_payroll_app] [restartedMain] o.s.b.w.embedded.tomcat.TomcatWebServer  : Tomcat started on port 8080 (http) with context path '/'
2025-02-28T15:24:00.494+05:30  INFO 10056 --- [employee_payroll_app] [restartedMain] c.payroll.EmployeePayrollAppApplication  : Started EmployeePayrollAppApplication in 5.175 seconds (process running for 5.71)
2025-02-28T15:24:14.520+05:30  INFO 10056 --- [employee_payroll_app] [http-nio-8080-exec-1] o.a.c.c.C.[Tomcat].[localhost].[/]       : Initializing Spring DispatcherServlet 'dispatcherServlet'
2025-02-28T15:24:14.522+05:30  INFO 10056 --- [employee_payroll_app] [http-nio-8080-exec-1] o.s.web.servlet.DispatcherServlet        : Initializing Servlet 'dispatcherServlet'
2025-02-28T15:24:14.523+05:30  INFO 10056 --- [employee_payroll_app] [http-nio-8080-exec-1] o.s.web.servlet.DispatcherServlet        : Completed initialization in 1 ms
2025-02-28T15:24:14.577+05:30  INFO 10056 --- [employee_payroll_app] [http-nio-8080-exec-1] com.payroll.Services.EmployeeService     : Fetching all employees...
2025-02-28T15:27:50.802+05:30  INFO 10056 --- [employee_payroll_app] [File Watcher] rtingClassPathChangeChangedEventListener : Restarting due to 2 class path changes (0 additions, 0 deletions, 2 modifications)
2025-02-28T15:27:50.810+05:30  INFO 10056 --- [employee_payroll_app] [Thread-5] o.s.b.w.e.tomcat.GracefulShutdown        : Commencing graceful shutdown. Waiting for active requests to complete
2025-02-28T15:27:50.952+05:30  INFO 10056 --- [employee_payroll_app] [tomcat-shutdown] o.s.b.w.e.tomcat.GracefulShutdown        : Graceful shutdown complete
2025-02-28T15:27:50.957+05:30  INFO 10056 --- [employee_payroll_app] [Thread-5] j.LocalContainerEntityManagerFactoryBean : Closing JPA EntityManagerFactory for persistence unit 'default'
2025-02-28T15:27:50.961+05:30  INFO 10056 --- [employee_payroll_app] [Thread-5] com.zaxxer.hikari.HikariDataSource       : HikariPool-1 - Shutdown initiated...
2025-02-28T15:27:50.974+05:30  INFO 10056 --- [employee_payroll_app] [Thread-5] com.zaxxer.hikari.HikariDataSource       : HikariPool-1 - Shutdown completed.
2025-02-28T15:27:51.069+05:30  INFO 10056 --- [employee_payroll_app] [restartedMain] c.payroll.EmployeePayrollAppApplication  : Starting EmployeePayrollAppApplication using Java 17.0.12 with PID 10056 (C:\Users\sonuc\Desktop\Java\SpringBoot\Employee-Payroll-App\employee_payroll_app\target\classes started by sonuc in C:\Users\sonuc\Desktop\Java\SpringBoot\Employee-Payroll-App\employee_payroll_app)
2025-02-28T15:27:51.070+05:30 DEBUG 10056 --- [employee_payroll_app] [restartedMain] c.payroll.EmployeePayrollAppApplication  : Running with Spring Boot v3.4.3, Spring v6.2.3
2025-02-28T15:27:51.071+05:30  INFO 10056 --- [employee_payroll_app] [restartedMain] c.payroll.EmployeePayrollAppApplication  : No active profile set, falling back to 1 default profile: "default"
2025-02-28T15:27:51.258+05:30  INFO 10056 --- [employee_payroll_app] [restartedMain] .s.d.r.c.RepositoryConfigurationDelegate : Bootstrapping Spring Data JPA repositories in DEFAULT mode.
2025-02-28T15:27:51.270+05:30  INFO 10056 --- [employee_payroll_app] [restartedMain] .s.d.r.c.RepositoryConfigurationDelegate : Finished Spring Data repository scanning in 9 ms. Found 1 JPA repository interface.
2025-02-28T15:27:51.374+05:30  INFO 10056 --- [employee_payroll_app] [restartedMain] o.s.b.w.embedded.tomcat.TomcatWebServer  : Tomcat initialized with port 8080 (http)
2025-02-28T15:27:51.376+05:30  INFO 10056 --- [employee_payroll_app] [restartedMain] o.apache.catalina.core.StandardService   : Starting service [Tomcat]
2025-02-28T15:27:51.377+05:30  INFO 10056 --- [employee_payroll_app] [restartedMain] o.apache.catalina.core.StandardEngine    : Starting Servlet engine: [Apache Tomcat/10.1.36]
2025-02-28T15:27:51.397+05:30  INFO 10056 --- [employee_payroll_app] [restartedMain] o.a.c.c.C.[Tomcat].[localhost].[/]       : Initializing Spring embedded WebApplicationContext
2025-02-28T15:27:51.397+05:30  INFO 10056 --- [employee_payroll_app] [restartedMain] w.s.c.ServletWebServerApplicationContext : Root WebApplicationContext: initialization completed in 323 ms
2025-02-28T15:27:51.445+05:30  INFO 10056 --- [employee_payroll_app] [restartedMain] o.hibernate.jpa.internal.util.LogHelper  : HHH000204: Processing PersistenceUnitInfo [name: default]
2025-02-28T15:27:51.448+05:30  INFO 10056 --- [employee_payroll_app] [restartedMain] o.h.c.internal.RegionFactoryInitiator    : HHH000026: Second-level cache disabled
2025-02-28T15:27:51.464+05:30  INFO 10056 --- [employee_payroll_app] [restartedMain] o.s.o.j.p.SpringPersistenceUnitInfo      : No LoadTimeWeaver setup: ignoring JPA class transformer
2025-02-28T15:27:51.467+05:30  INFO 10056 --- [employee_payroll_app] [restartedMain] com.zaxxer.hikari.HikariDataSource       : HikariPool-2 - Starting...
2025-02-28T15:27:51.487+05:30  INFO 10056 --- [employee_payroll_app] [restartedMain] com.zaxxer.hikari.pool.HikariPool        : HikariPool-2 - Added connection com.mysql.cj.jdbc.ConnectionImpl@1f999718
2025-02-28T15:27:51.488+05:30  INFO 10056 --- [employee_payroll_app] [restartedMain] com.zaxxer.hikari.HikariDataSource       : HikariPool-2 - Start completed.
2025-02-28T15:27:51.490+05:30  WARN 10056 --- [employee_payroll_app] [restartedMain] org.hibernate.orm.deprecation            : HHH90000025: MySQL8Dialect does not need to be specified explicitly using 'hibernate.dialect' (remove the property setting and it will be selected by default)
2025-02-28T15:27:51.491+05:30  WARN 10056 --- [employee_payroll_app] [restartedMain] org.hibernate.orm.deprecation            : HHH90000026: MySQL8Dialect has been deprecated; use org.hibernate.dialect.MySQLDialect instead
2025-02-28T15:27:51.491+05:30  INFO 10056 --- [employee_payroll_app] [restartedMain] org.hibernate.orm.connections.pooling    : HHH10001005: Database info:
	Database JDBC URL [Connecting through datasource 'HikariDataSource (HikariPool-2)']
	Database driver: undefined/unknown
	Database version: 8.0
	Autocommit mode: undefined/unknown
	Isolation level: undefined/unknown
	Minimum pool size: undefined/unknown
	Maximum pool size: undefined/unknown
2025-02-28T15:27:51.552+05:30  INFO 10056 --- [employee_payroll_app] [restartedMain] o.h.e.t.j.p.i.JtaPlatformInitiator       : HHH000489: No JTA platform available (set 'hibernate.transaction.jta.platform' to enable JTA platform integration)
2025-02-28T15:27:51.563+05:30  INFO 10056 --- [employee_payroll_app] [restartedMain] j.LocalContainerEntityManagerFactoryBean : Initialized JPA EntityManagerFactory for persistence unit 'default'
2025-02-28T15:27:51.593+05:30  WARN 10056 --- [employee_payroll_app] [restartedMain] JpaBaseConfiguration$JpaWebConfiguration : spring.jpa.open-in-view is enabled by default. Therefore, database queries may be performed during view rendering. Explicitly configure spring.jpa.open-in-view to disable this warning
2025-02-28T15:27:51.727+05:30  INFO 10056 --- [employee_payroll_app] [restartedMain] o.s.b.d.a.OptionalLiveReloadServer       : LiveReload server is running on port 35729
2025-02-28T15:27:51.737+05:30  INFO 10056 --- [employee_payroll_app] [restartedMain] o.s.b.w.embedded.tomcat.TomcatWebServer  : Tomcat started on port 8080 (http) with context path '/'
2025-02-28T15:27:51.748+05:30  INFO 10056 --- [employee_payroll_app] [restartedMain] c.payroll.EmployeePayrollAppApplication  : Started EmployeePayrollAppApplication in 0.719 seconds (process running for 236.964)
2025-02-28T15:27:51.751+05:30  INFO 10056 --- [employee_payroll_app] [restartedMain] .ConditionEvaluationDeltaLoggingListener : Condition evaluation unchanged
2025-02-28T15:27:58.301+05:30  INFO 10056 --- [employee_payroll_app] [File Watcher] rtingClassPathChangeChangedEventListener : Restarting due to 1 class path change (0 additions, 0 deletions, 1 modification)
2025-02-28T15:27:58.309+05:30  INFO 10056 --- [employee_payroll_app] [Thread-7] o.s.b.w.e.tomcat.GracefulShutdown        : Commencing graceful shutdown. Waiting for active requests to complete
2025-02-28T15:27:58.462+05:30  INFO 10056 --- [employee_payroll_app] [tomcat-shutdown] o.s.b.w.e.tomcat.GracefulShutdown        : Graceful shutdown complete
2025-02-28T15:27:58.465+05:30  INFO 10056 --- [employee_payroll_app] [Thread-7] j.LocalContainerEntityManagerFactoryBean : Closing JPA EntityManagerFactory for persistence unit 'default'
2025-02-28T15:27:58.466+05:30  INFO 10056 --- [employee_payroll_app] [Thread-7] com.zaxxer.hikari.HikariDataSource       : HikariPool-2 - Shutdown initiated...
2025-02-28T15:27:58.472+05:30  INFO 10056 --- [employee_payroll_app] [Thread-7] com.zaxxer.hikari.HikariDataSource       : HikariPool-2 - Shutdown completed.
2025-02-28T15:27:58.555+05:30  INFO 10056 --- [employee_payroll_app] [restartedMain] c.payroll.EmployeePayrollAppApplication  : Starting EmployeePayrollAppApplication using Java 17.0.12 with PID 10056 (C:\Users\sonuc\Desktop\Java\SpringBoot\Employee-Payroll-App\employee_payroll_app\target\classes started by sonuc in C:\Users\sonuc\Desktop\Java\SpringBoot\Employee-Payroll-App\employee_payroll_app)
2025-02-28T15:27:58.556+05:30 DEBUG 10056 --- [employee_payroll_app] [restartedMain] c.payroll.EmployeePayrollAppApplication  : Running with Spring Boot v3.4.3, Spring v6.2.3
2025-02-28T15:27:58.557+05:30  INFO 10056 --- [employee_payroll_app] [restartedMain] c.payroll.EmployeePayrollAppApplication  : No active profile set, falling back to 1 default profile: "default"
2025-02-28T15:27:58.722+05:30  INFO 10056 --- [employee_payroll_app] [restartedMain] .s.d.r.c.RepositoryConfigurationDelegate : Bootstrapping Spring Data JPA repositories in DEFAULT mode.
2025-02-28T15:27:58.731+05:30  INFO 10056 --- [employee_payroll_app] [restartedMain] .s.d.r.c.RepositoryConfigurationDelegate : Finished Spring Data repository scanning in 6 ms. Found 1 JPA repository interface.
2025-02-28T15:27:58.816+05:30  INFO 10056 --- [employee_payroll_app] [restartedMain] o.s.b.w.embedded.tomcat.TomcatWebServer  : Tomcat initialized with port 8080 (http)
2025-02-28T15:27:58.817+05:30  INFO 10056 --- [employee_payroll_app] [restartedMain] o.apache.catalina.core.StandardService   : Starting service [Tomcat]
2025-02-28T15:27:58.818+05:30  INFO 10056 --- [employee_payroll_app] [restartedMain] o.apache.catalina.core.StandardEngine    : Starting Servlet engine: [Apache Tomcat/10.1.36]
2025-02-28T15:27:58.836+05:30  INFO 10056 --- [employee_payroll_app] [restartedMain] o.a.c.c.C.[Tomcat].[localhost].[/]       : Initializing Spring embedded WebApplicationContext
2025-02-28T15:27:58.836+05:30  INFO 10056 --- [employee_payroll_app] [restartedMain] w.s.c.ServletWebServerApplicationContext : Root WebApplicationContext: initialization completed in 276 ms
2025-02-28T15:27:58.879+05:30  INFO 10056 --- [employee_payroll_app] [restartedMain] o.hibernate.jpa.internal.util.LogHelper  : HHH000204: Processing PersistenceUnitInfo [name: default]
2025-02-28T15:27:58.883+05:30  INFO 10056 --- [employee_payroll_app] [restartedMain] o.h.c.internal.RegionFactoryInitiator    : HHH000026: Second-level cache disabled
2025-02-28T15:27:58.893+05:30  INFO 10056 --- [employee_payroll_app] [restartedMain] o.s.o.j.p.SpringPersistenceUnitInfo      : No LoadTimeWeaver setup: ignoring JPA class transformer
2025-02-28T15:27:58.895+05:30  INFO 10056 --- [employee_payroll_app] [restartedMain] com.zaxxer.hikari.HikariDataSource       : HikariPool-3 - Starting...
2025-02-28T15:27:58.922+05:30  INFO 10056 --- [employee_payroll_app] [restartedMain] com.zaxxer.hikari.pool.HikariPool        : HikariPool-3 - Added connection com.mysql.cj.jdbc.ConnectionImpl@6721dcf6
2025-02-28T15:27:58.923+05:30  INFO 10056 --- [employee_payroll_app] [restartedMain] com.zaxxer.hikari.HikariDataSource       : HikariPool-3 - Start completed.
2025-02-28T15:27:58.924+05:30  WARN 10056 --- [employee_payroll_app] [restartedMain] org.hibernate.orm.deprecation            : HHH90000025: MySQL8Dialect does not need to be specified explicitly using 'hibernate.dialect' (remove the property setting and it will be selected by default)
2025-02-28T15:27:58.925+05:30  WARN 10056 --- [employee_payroll_app] [restartedMain] org.hibernate.orm.deprecation            : HHH90000026: MySQL8Dialect has been deprecated; use org.hibernate.dialect.MySQLDialect instead
2025-02-28T15:27:58.926+05:30  INFO 10056 --- [employee_payroll_app] [restartedMain] org.hibernate.orm.connections.pooling    : HHH10001005: Database info:
	Database JDBC URL [Connecting through datasource 'HikariDataSource (HikariPool-3)']
	Database driver: undefined/unknown
	Database version: 8.0
	Autocommit mode: undefined/unknown
	Isolation level: undefined/unknown
	Minimum pool size: undefined/unknown
	Maximum pool size: undefined/unknown
2025-02-28T15:27:58.975+05:30  INFO 10056 --- [employee_payroll_app] [restartedMain] o.h.e.t.j.p.i.JtaPlatformInitiator       : HHH000489: No JTA platform available (set 'hibernate.transaction.jta.platform' to enable JTA platform integration)
2025-02-28T15:27:58.984+05:30  INFO 10056 --- [employee_payroll_app] [restartedMain] j.LocalContainerEntityManagerFactoryBean : Initialized JPA EntityManagerFactory for persistence unit 'default'
2025-02-28T15:27:59.008+05:30  WARN 10056 --- [employee_payroll_app] [restartedMain] JpaBaseConfiguration$JpaWebConfiguration : spring.jpa.open-in-view is enabled by default. Therefore, database queries may be performed during view rendering. Explicitly configure spring.jpa.open-in-view to disable this warning
2025-02-28T15:27:59.169+05:30  INFO 10056 --- [employee_payroll_app] [restartedMain] o.s.b.d.a.OptionalLiveReloadServer       : LiveReload server is running on port 35729
2025-02-28T15:27:59.179+05:30  INFO 10056 --- [employee_payroll_app] [restartedMain] o.s.b.w.embedded.tomcat.TomcatWebServer  : Tomcat started on port 8080 (http) with context path '/'
2025-02-28T15:27:59.184+05:30  INFO 10056 --- [employee_payroll_app] [restartedMain] c.payroll.EmployeePayrollAppApplication  : Started EmployeePayrollAppApplication in 0.66 seconds (process running for 244.399)
2025-02-28T15:27:59.185+05:30  INFO 10056 --- [employee_payroll_app] [restartedMain] .ConditionEvaluationDeltaLoggingListener : Condition evaluation unchanged
2025-02-28T15:28:08.162+05:30  INFO 10056 --- [employee_payroll_app] [File Watcher] rtingClassPathChangeChangedEventListener : Restarting due to 1 class path change (0 additions, 0 deletions, 1 modification)
2025-02-28T15:28:08.171+05:30  INFO 10056 --- [employee_payroll_app] [Thread-11] o.s.b.w.e.tomcat.GracefulShutdown        : Commencing graceful shutdown. Waiting for active requests to complete
2025-02-28T15:28:08.319+05:30  INFO 10056 --- [employee_payroll_app] [tomcat-shutdown] o.s.b.w.e.tomcat.GracefulShutdown        : Graceful shutdown complete
2025-02-28T15:28:08.323+05:30  INFO 10056 --- [employee_payroll_app] [Thread-11] j.LocalContainerEntityManagerFactoryBean : Closing JPA EntityManagerFactory for persistence unit 'default'
2025-02-28T15:28:08.324+05:30  INFO 10056 --- [employee_payroll_app] [Thread-11] com.zaxxer.hikari.HikariDataSource       : HikariPool-3 - Shutdown initiated...
2025-02-28T15:28:08.329+05:30  INFO 10056 --- [employee_payroll_app] [Thread-11] com.zaxxer.hikari.HikariDataSource       : HikariPool-3 - Shutdown completed.
2025-02-28T15:28:08.404+05:30  INFO 10056 --- [employee_payroll_app] [restartedMain] c.payroll.EmployeePayrollAppApplication  : Starting EmployeePayrollAppApplication using Java 17.0.12 with PID 10056 (C:\Users\sonuc\Desktop\Java\SpringBoot\Employee-Payroll-App\employee_payroll_app\target\classes started by sonuc in C:\Users\sonuc\Desktop\Java\SpringBoot\Employee-Payroll-App\employee_payroll_app)
2025-02-28T15:28:08.405+05:30 DEBUG 10056 --- [employee_payroll_app] [restartedMain] c.payroll.EmployeePayrollAppApplication  : Running with Spring Boot v3.4.3, Spring v6.2.3
2025-02-28T15:28:08.405+05:30  INFO 10056 --- [employee_payroll_app] [restartedMain] c.payroll.EmployeePayrollAppApplication  : No active profile set, falling back to 1 default profile: "default"
2025-02-28T15:28:08.561+05:30  INFO 10056 --- [employee_payroll_app] [restartedMain] .s.d.r.c.RepositoryConfigurationDelegate : Bootstrapping Spring Data JPA repositories in DEFAULT mode.
2025-02-28T15:28:08.573+05:30  INFO 10056 --- [employee_payroll_app] [restartedMain] .s.d.r.c.RepositoryConfigurationDelegate : Finished Spring Data repository scanning in 8 ms. Found 1 JPA repository interface.
2025-02-28T15:28:08.668+05:30  INFO 10056 --- [employee_payroll_app] [restartedMain] o.s.b.w.embedded.tomcat.TomcatWebServer  : Tomcat initialized with port 8080 (http)
2025-02-28T15:28:08.669+05:30  INFO 10056 --- [employee_payroll_app] [restartedMain] o.apache.catalina.core.StandardService   : Starting service [Tomcat]
2025-02-28T15:28:08.670+05:30  INFO 10056 --- [employee_payroll_app] [restartedMain] o.apache.catalina.core.StandardEngine    : Starting Servlet engine: [Apache Tomcat/10.1.36]
2025-02-28T15:28:08.692+05:30  INFO 10056 --- [employee_payroll_app] [restartedMain] o.a.c.c.C.[Tomcat].[localhost].[/]       : Initializing Spring embedded WebApplicationContext
2025-02-28T15:28:08.692+05:30  INFO 10056 --- [employee_payroll_app] [restartedMain] w.s.c.ServletWebServerApplicationContext : Root WebApplicationContext: initialization completed in 284 ms
2025-02-28T15:28:08.737+05:30  INFO 10056 --- [employee_payroll_app] [restartedMain] o.hibernate.jpa.internal.util.LogHelper  : HHH000204: Processing PersistenceUnitInfo [name: default]
2025-02-28T15:28:08.742+05:30  INFO 10056 --- [employee_payroll_app] [restartedMain] o.h.c.internal.RegionFactoryInitiator    : HHH000026: Second-level cache disabled
2025-02-28T15:28:08.749+05:30  INFO 10056 --- [employee_payroll_app] [restartedMain] o.s.o.j.p.SpringPersistenceUnitInfo      : No LoadTimeWeaver setup: ignoring JPA class transformer
2025-02-28T15:28:08.753+05:30  INFO 10056 --- [employee_payroll_app] [restartedMain] com.zaxxer.hikari.HikariDataSource       : HikariPool-4 - Starting...
2025-02-28T15:28:08.767+05:30  INFO 10056 --- [employee_payroll_app] [restartedMain] com.zaxxer.hikari.pool.HikariPool        : HikariPool-4 - Added connection com.mysql.cj.jdbc.ConnectionImpl@1e562b46
2025-02-28T15:28:08.769+05:30  INFO 10056 --- [employee_payroll_app] [restartedMain] com.zaxxer.hikari.HikariDataSource       : HikariPool-4 - Start completed.
2025-02-28T15:28:08.770+05:30  WARN 10056 --- [employee_payroll_app] [restartedMain] org.hibernate.orm.deprecation            : HHH90000025: MySQL8Dialect does not need to be specified explicitly using 'hibernate.dialect' (remove the property setting and it will be selected by default)
2025-02-28T15:28:08.771+05:30  WARN 10056 --- [employee_payroll_app] [restartedMain] org.hibernate.orm.deprecation            : HHH90000026: MySQL8Dialect has been deprecated; use org.hibernate.dialect.MySQLDialect instead
2025-02-28T15:28:08.772+05:30  INFO 10056 --- [employee_payroll_app] [restartedMain] org.hibernate.orm.connections.pooling    : HHH10001005: Database info:
	Database JDBC URL [Connecting through datasource 'HikariDataSource (HikariPool-4)']
	Database driver: undefined/unknown
	Database version: 8.0
	Autocommit mode: undefined/unknown
	Isolation level: undefined/unknown
	Minimum pool size: undefined/unknown
	Maximum pool size: undefined/unknown
2025-02-28T15:28:08.823+05:30  INFO 10056 --- [employee_payroll_app] [restartedMain] o.h.e.t.j.p.i.JtaPlatformInitiator       : HHH000489: No JTA platform available (set 'hibernate.transaction.jta.platform' to enable JTA platform integration)
2025-02-28T15:28:08.836+05:30  INFO 10056 --- [employee_payroll_app] [restartedMain] j.LocalContainerEntityManagerFactoryBean : Initialized JPA EntityManagerFactory for persistence unit 'default'
2025-02-28T15:28:08.863+05:30  WARN 10056 --- [employee_payroll_app] [restartedMain] JpaBaseConfiguration$JpaWebConfiguration : spring.jpa.open-in-view is enabled by default. Therefore, database queries may be performed during view rendering. Explicitly configure spring.jpa.open-in-view to disable this warning
2025-02-28T15:28:08.992+05:30  INFO 10056 --- [employee_payroll_app] [restartedMain] o.s.b.d.a.OptionalLiveReloadServer       : LiveReload server is running on port 35729
2025-02-28T15:28:09.005+05:30  INFO 10056 --- [employee_payroll_app] [restartedMain] o.s.b.w.embedded.tomcat.TomcatWebServer  : Tomcat started on port 8080 (http) with context path '/'
2025-02-28T15:28:09.011+05:30  INFO 10056 --- [employee_payroll_app] [restartedMain] c.payroll.EmployeePayrollAppApplication  : Started EmployeePayrollAppApplication in 0.636 seconds (process running for 254.226)
2025-02-28T15:28:09.012+05:30  INFO 10056 --- [employee_payroll_app] [restartedMain] .ConditionEvaluationDeltaLoggingListener : Condition evaluation unchanged
2025-02-28T15:28:17.617+05:30  INFO 10056 --- [employee_payroll_app] [File Watcher] rtingClassPathChangeChangedEventListener : Restarting due to 1 class path change (0 additions, 0 deletions, 1 modification)
2025-02-28T15:28:17.624+05:30  INFO 10056 --- [employee_payroll_app] [Thread-15] o.s.b.w.e.tomcat.GracefulShutdown        : Commencing graceful shutdown. Waiting for active requests to complete
2025-02-28T15:28:17.775+05:30  INFO 10056 --- [employee_payroll_app] [tomcat-shutdown] o.s.b.w.e.tomcat.GracefulShutdown        : Graceful shutdown complete
2025-02-28T15:28:17.777+05:30  INFO 10056 --- [employee_payroll_app] [Thread-15] j.LocalContainerEntityManagerFactoryBean : Closing JPA EntityManagerFactory for persistence unit 'default'
2025-02-28T15:28:17.778+05:30  INFO 10056 --- [employee_payroll_app] [Thread-15] com.zaxxer.hikari.HikariDataSource       : HikariPool-4 - Shutdown initiated...
2025-02-28T15:28:17.784+05:30  INFO 10056 --- [employee_payroll_app] [Thread-15] com.zaxxer.hikari.HikariDataSource       : HikariPool-4 - Shutdown completed.
2025-02-28T15:28:17.875+05:30  INFO 10056 --- [employee_payroll_app] [restartedMain] c.payroll.EmployeePayrollAppApplication  : Starting EmployeePayrollAppApplication using Java 17.0.12 with PID 10056 (C:\Users\sonuc\Desktop\Java\SpringBoot\Employee-Payroll-App\employee_payroll_app\target\classes started by sonuc in C:\Users\sonuc\Desktop\Java\SpringBoot\Employee-Payroll-App\employee_payroll_app)
2025-02-28T15:28:17.876+05:30 DEBUG 10056 --- [employee_payroll_app] [restartedMain] c.payroll.EmployeePayrollAppApplication  : Running with Spring Boot v3.4.3, Spring v6.2.3
2025-02-28T15:28:17.877+05:30  INFO 10056 --- [employee_payroll_app] [restartedMain] c.payroll.EmployeePayrollAppApplication  : No active profile set, falling back to 1 default profile: "default"
2025-02-28T15:28:18.043+05:30  INFO 10056 --- [employee_payroll_app] [restartedMain] .s.d.r.c.RepositoryConfigurationDelegate : Bootstrapping Spring Data JPA repositories in DEFAULT mode.
2025-02-28T15:28:18.054+05:30  INFO 10056 --- [employee_payroll_app] [restartedMain] .s.d.r.c.RepositoryConfigurationDelegate : Finished Spring Data repository scanning in 8 ms. Found 1 JPA repository interface.
2025-02-28T15:28:18.142+05:30  INFO 10056 --- [employee_payroll_app] [restartedMain] o.s.b.w.embedded.tomcat.TomcatWebServer  : Tomcat initialized with port 8080 (http)
2025-02-28T15:28:18.144+05:30  INFO 10056 --- [employee_payroll_app] [restartedMain] o.apache.catalina.core.StandardService   : Starting service [Tomcat]
2025-02-28T15:28:18.144+05:30  INFO 10056 --- [employee_payroll_app] [restartedMain] o.apache.catalina.core.StandardEngine    : Starting Servlet engine: [Apache Tomcat/10.1.36]
2025-02-28T15:28:18.162+05:30  INFO 10056 --- [employee_payroll_app] [restartedMain] o.a.c.c.C.[Tomcat].[localhost].[/]       : Initializing Spring embedded WebApplicationContext
2025-02-28T15:28:18.163+05:30  INFO 10056 --- [employee_payroll_app] [restartedMain] w.s.c.ServletWebServerApplicationContext : Root WebApplicationContext: initialization completed in 282 ms
2025-02-28T15:28:18.204+05:30  INFO 10056 --- [employee_payroll_app] [restartedMain] o.hibernate.jpa.internal.util.LogHelper  : HHH000204: Processing PersistenceUnitInfo [name: default]
2025-02-28T15:28:18.207+05:30  INFO 10056 --- [employee_payroll_app] [restartedMain] o.h.c.internal.RegionFactoryInitiator    : HHH000026: Second-level cache disabled
2025-02-28T15:28:18.223+05:30  INFO 10056 --- [employee_payroll_app] [restartedMain] o.s.o.j.p.SpringPersistenceUnitInfo      : No LoadTimeWeaver setup: ignoring JPA class transformer
2025-02-28T15:28:18.224+05:30  INFO 10056 --- [employee_payroll_app] [restartedMain] com.zaxxer.hikari.HikariDataSource       : HikariPool-5 - Starting...
2025-02-28T15:28:18.238+05:30  INFO 10056 --- [employee_payroll_app] [restartedMain] com.zaxxer.hikari.pool.HikariPool        : HikariPool-5 - Added connection com.mysql.cj.jdbc.ConnectionImpl@2018c7ca
2025-02-28T15:28:18.238+05:30  INFO 10056 --- [employee_payroll_app] [restartedMain] com.zaxxer.hikari.HikariDataSource       : HikariPool-5 - Start completed.
2025-02-28T15:28:18.239+05:30  WARN 10056 --- [employee_payroll_app] [restartedMain] org.hibernate.orm.deprecation            : HHH90000025: MySQL8Dialect does not need to be specified explicitly using 'hibernate.dialect' (remove the property setting and it will be selected by default)
2025-02-28T15:28:18.240+05:30  WARN 10056 --- [employee_payroll_app] [restartedMain] org.hibernate.orm.deprecation            : HHH90000026: MySQL8Dialect has been deprecated; use org.hibernate.dialect.MySQLDialect instead
2025-02-28T15:28:18.241+05:30  INFO 10056 --- [employee_payroll_app] [restartedMain] org.hibernate.orm.connections.pooling    : HHH10001005: Database info:
	Database JDBC URL [Connecting through datasource 'HikariDataSource (HikariPool-5)']
	Database driver: undefined/unknown
	Database version: 8.0
	Autocommit mode: undefined/unknown
	Isolation level: undefined/unknown
	Minimum pool size: undefined/unknown
	Maximum pool size: undefined/unknown
2025-02-28T15:28:18.297+05:30  INFO 10056 --- [employee_payroll_app] [restartedMain] o.h.e.t.j.p.i.JtaPlatformInitiator       : HHH000489: No JTA platform available (set 'hibernate.transaction.jta.platform' to enable JTA platform integration)
2025-02-28T15:28:18.312+05:30  INFO 10056 --- [employee_payroll_app] [restartedMain] j.LocalContainerEntityManagerFactoryBean : Initialized JPA EntityManagerFactory for persistence unit 'default'
2025-02-28T15:28:18.346+05:30  WARN 10056 --- [employee_payroll_app] [restartedMain] JpaBaseConfiguration$JpaWebConfiguration : spring.jpa.open-in-view is enabled by default. Therefore, database queries may be performed during view rendering. Explicitly configure spring.jpa.open-in-view to disable this warning
2025-02-28T15:28:18.467+05:30  INFO 10056 --- [employee_payroll_app] [restartedMain] o.s.b.d.a.OptionalLiveReloadServer       : LiveReload server is running on port 35729
2025-02-28T15:28:18.476+05:30  INFO 10056 --- [employee_payroll_app] [restartedMain] o.s.b.w.embedded.tomcat.TomcatWebServer  : Tomcat started on port 8080 (http) with context path '/'
2025-02-28T15:28:18.483+05:30  INFO 10056 --- [employee_payroll_app] [restartedMain] c.payroll.EmployeePayrollAppApplication  : Started EmployeePayrollAppApplication in 0.65 seconds (process running for 263.699)
2025-02-28T15:28:18.485+05:30  INFO 10056 --- [employee_payroll_app] [restartedMain] .ConditionEvaluationDeltaLoggingListener : Condition evaluation unchanged
2025-02-28T15:28:20.949+05:30  INFO 10056 --- [employee_payroll_app] [File Watcher] rtingClassPathChangeChangedEventListener : Restarting due to 1 class path change (0 additions, 0 deletions, 1 modification)
2025-02-28T15:28:20.956+05:30  INFO 10056 --- [employee_payroll_app] [Thread-19] o.s.b.w.e.tomcat.GracefulShutdown        : Commencing graceful shutdown. Waiting for active requests to complete
2025-02-28T15:28:21.112+05:30  INFO 10056 --- [employee_payroll_app] [tomcat-shutdown] o.s.b.w.e.tomcat.GracefulShutdown        : Graceful shutdown complete
2025-02-28T15:28:21.114+05:30  INFO 10056 --- [employee_payroll_app] [Thread-19] j.LocalContainerEntityManagerFactoryBean : Closing JPA EntityManagerFactory for persistence unit 'default'
2025-02-28T15:28:21.115+05:30  INFO 10056 --- [employee_payroll_app] [Thread-19] com.zaxxer.hikari.HikariDataSource       : HikariPool-5 - Shutdown initiated...
2025-02-28T15:28:21.120+05:30  INFO 10056 --- [employee_payroll_app] [Thread-19] com.zaxxer.hikari.HikariDataSource       : HikariPool-5 - Shutdown completed.
2025-02-28T15:28:21.197+05:30  INFO 10056 --- [employee_payroll_app] [restartedMain] c.payroll.EmployeePayrollAppApplication  : Starting EmployeePayrollAppApplication using Java 17.0.12 with PID 10056 (C:\Users\sonuc\Desktop\Java\SpringBoot\Employee-Payroll-App\employee_payroll_app\target\classes started by sonuc in C:\Users\sonuc\Desktop\Java\SpringBoot\Employee-Payroll-App\employee_payroll_app)
2025-02-28T15:28:21.198+05:30 DEBUG 10056 --- [employee_payroll_app] [restartedMain] c.payroll.EmployeePayrollAppApplication  : Running with Spring Boot v3.4.3, Spring v6.2.3
2025-02-28T15:28:21.199+05:30  INFO 10056 --- [employee_payroll_app] [restartedMain] c.payroll.EmployeePayrollAppApplication  : No active profile set, falling back to 1 default profile: "default"
2025-02-28T15:28:21.351+05:30  INFO 10056 --- [employee_payroll_app] [restartedMain] .s.d.r.c.RepositoryConfigurationDelegate : Bootstrapping Spring Data JPA repositories in DEFAULT mode.
2025-02-28T15:28:21.359+05:30  INFO 10056 --- [employee_payroll_app] [restartedMain] .s.d.r.c.RepositoryConfigurationDelegate : Finished Spring Data repository scanning in 5 ms. Found 1 JPA repository interface.
2025-02-28T15:28:21.453+05:30  INFO 10056 --- [employee_payroll_app] [restartedMain] o.s.b.w.embedded.tomcat.TomcatWebServer  : Tomcat initialized with port 8080 (http)
2025-02-28T15:28:21.455+05:30  INFO 10056 --- [employee_payroll_app] [restartedMain] o.apache.catalina.core.StandardService   : Starting service [Tomcat]
2025-02-28T15:28:21.455+05:30  INFO 10056 --- [employee_payroll_app] [restartedMain] o.apache.catalina.core.StandardEngine    : Starting Servlet engine: [Apache Tomcat/10.1.36]
2025-02-28T15:28:21.482+05:30  INFO 10056 --- [employee_payroll_app] [restartedMain] o.a.c.c.C.[Tomcat].[localhost].[/]       : Initializing Spring embedded WebApplicationContext
2025-02-28T15:28:21.483+05:30  INFO 10056 --- [employee_payroll_app] [restartedMain] w.s.c.ServletWebServerApplicationContext : Root WebApplicationContext: initialization completed in 282 ms
2025-02-28T15:28:21.533+05:30  INFO 10056 --- [employee_payroll_app] [restartedMain] o.hibernate.jpa.internal.util.LogHelper  : HHH000204: Processing PersistenceUnitInfo [name: default]
2025-02-28T15:28:21.537+05:30  INFO 10056 --- [employee_payroll_app] [restartedMain] o.h.c.internal.RegionFactoryInitiator    : HHH000026: Second-level cache disabled
2025-02-28T15:28:21.549+05:30  INFO 10056 --- [employee_payroll_app] [restartedMain] o.s.o.j.p.SpringPersistenceUnitInfo      : No LoadTimeWeaver setup: ignoring JPA class transformer
2025-02-28T15:28:21.550+05:30  INFO 10056 --- [employee_payroll_app] [restartedMain] com.zaxxer.hikari.HikariDataSource       : HikariPool-6 - Starting...
2025-02-28T15:28:21.565+05:30  INFO 10056 --- [employee_payroll_app] [restartedMain] com.zaxxer.hikari.pool.HikariPool        : HikariPool-6 - Added connection com.mysql.cj.jdbc.ConnectionImpl@9a48f6b
2025-02-28T15:28:21.566+05:30  INFO 10056 --- [employee_payroll_app] [restartedMain] com.zaxxer.hikari.HikariDataSource       : HikariPool-6 - Start completed.
2025-02-28T15:28:21.567+05:30  WARN 10056 --- [employee_payroll_app] [restartedMain] org.hibernate.orm.deprecation            : HHH90000025: MySQL8Dialect does not need to be specified explicitly using 'hibernate.dialect' (remove the property setting and it will be selected by default)
2025-02-28T15:28:21.567+05:30  WARN 10056 --- [employee_payroll_app] [restartedMain] org.hibernate.orm.deprecation            : HHH90000026: MySQL8Dialect has been deprecated; use org.hibernate.dialect.MySQLDialect instead
2025-02-28T15:28:21.568+05:30  INFO 10056 --- [employee_payroll_app] [restartedMain] org.hibernate.orm.connections.pooling    : HHH10001005: Database info:
	Database JDBC URL [Connecting through datasource 'HikariDataSource (HikariPool-6)']
	Database driver: undefined/unknown
	Database version: 8.0
	Autocommit mode: undefined/unknown
	Isolation level: undefined/unknown
	Minimum pool size: undefined/unknown
	Maximum pool size: undefined/unknown
2025-02-28T15:28:21.612+05:30  INFO 10056 --- [employee_payroll_app] [restartedMain] o.h.e.t.j.p.i.JtaPlatformInitiator       : HHH000489: No JTA platform available (set 'hibernate.transaction.jta.platform' to enable JTA platform integration)
2025-02-28T15:28:21.619+05:30  INFO 10056 --- [employee_payroll_app] [restartedMain] j.LocalContainerEntityManagerFactoryBean : Initialized JPA EntityManagerFactory for persistence unit 'default'
2025-02-28T15:28:21.644+05:30  WARN 10056 --- [employee_payroll_app] [restartedMain] JpaBaseConfiguration$JpaWebConfiguration : spring.jpa.open-in-view is enabled by default. Therefore, database queries may be performed during view rendering. Explicitly configure spring.jpa.open-in-view to disable this warning
2025-02-28T15:28:21.773+05:30  INFO 10056 --- [employee_payroll_app] [restartedMain] o.s.b.d.a.OptionalLiveReloadServer       : LiveReload server is running on port 35729
2025-02-28T15:28:21.790+05:30  INFO 10056 --- [employee_payroll_app] [restartedMain] o.s.b.w.embedded.tomcat.TomcatWebServer  : Tomcat started on port 8080 (http) with context path '/'
2025-02-28T15:28:21.796+05:30  INFO 10056 --- [employee_payroll_app] [restartedMain] c.payroll.EmployeePayrollAppApplication  : Started EmployeePayrollAppApplication in 0.63 seconds (process running for 267.012)
2025-02-28T15:28:21.798+05:30  INFO 10056 --- [employee_payroll_app] [restartedMain] .ConditionEvaluationDeltaLoggingListener : Condition evaluation unchanged
2025-02-28T15:28:24.230+05:30  INFO 10056 --- [employee_payroll_app] [File Watcher] rtingClassPathChangeChangedEventListener : Restarting due to 1 class path change (0 additions, 0 deletions, 1 modification)
2025-02-28T15:28:24.232+05:30  INFO 10056 --- [employee_payroll_app] [Thread-23] o.s.b.w.e.tomcat.GracefulShutdown        : Commencing graceful shutdown. Waiting for active requests to complete
2025-02-28T15:28:24.380+05:30  INFO 10056 --- [employee_payroll_app] [tomcat-shutdown] o.s.b.w.e.tomcat.GracefulShutdown        : Graceful shutdown complete
2025-02-28T15:28:24.381+05:30  INFO 10056 --- [employee_payroll_app] [Thread-23] j.LocalContainerEntityManagerFactoryBean : Closing JPA EntityManagerFactory for persistence unit 'default'
2025-02-28T15:28:24.382+05:30  INFO 10056 --- [employee_payroll_app] [Thread-23] com.zaxxer.hikari.HikariDataSource       : HikariPool-6 - Shutdown initiated...
2025-02-28T15:28:24.387+05:30  INFO 10056 --- [employee_payroll_app] [Thread-23] com.zaxxer.hikari.HikariDataSource       : HikariPool-6 - Shutdown completed.
2025-02-28T15:28:24.470+05:30  INFO 10056 --- [employee_payroll_app] [restartedMain] c.payroll.EmployeePayrollAppApplication  : Starting EmployeePayrollAppApplication using Java 17.0.12 with PID 10056 (C:\Users\sonuc\Desktop\Java\SpringBoot\Employee-Payroll-App\employee_payroll_app\target\classes started by sonuc in C:\Users\sonuc\Desktop\Java\SpringBoot\Employee-Payroll-App\employee_payroll_app)
2025-02-28T15:28:24.471+05:30 DEBUG 10056 --- [employee_payroll_app] [restartedMain] c.payroll.EmployeePayrollAppApplication  : Running with Spring Boot v3.4.3, Spring v6.2.3
2025-02-28T15:28:24.472+05:30  INFO 10056 --- [employee_payroll_app] [restartedMain] c.payroll.EmployeePayrollAppApplication  : No active profile set, falling back to 1 default profile: "default"
2025-02-28T15:28:24.617+05:30  INFO 10056 --- [employee_payroll_app] [restartedMain] .s.d.r.c.RepositoryConfigurationDelegate : Bootstrapping Spring Data JPA repositories in DEFAULT mode.
2025-02-28T15:28:24.631+05:30  INFO 10056 --- [employee_payroll_app] [restartedMain] .s.d.r.c.RepositoryConfigurationDelegate : Finished Spring Data repository scanning in 7 ms. Found 1 JPA repository interface.
2025-02-28T15:28:24.721+05:30  INFO 10056 --- [employee_payroll_app] [restartedMain] o.s.b.w.embedded.tomcat.TomcatWebServer  : Tomcat initialized with port 8080 (http)
2025-02-28T15:28:24.723+05:30  INFO 10056 --- [employee_payroll_app] [restartedMain] o.apache.catalina.core.StandardService   : Starting service [Tomcat]
2025-02-28T15:28:24.724+05:30  INFO 10056 --- [employee_payroll_app] [restartedMain] o.apache.catalina.core.StandardEngine    : Starting Servlet engine: [Apache Tomcat/10.1.36]
2025-02-28T15:28:24.741+05:30  INFO 10056 --- [employee_payroll_app] [restartedMain] o.a.c.c.C.[Tomcat].[localhost].[/]       : Initializing Spring embedded WebApplicationContext
2025-02-28T15:28:24.741+05:30  INFO 10056 --- [employee_payroll_app] [restartedMain] w.s.c.ServletWebServerApplicationContext : Root WebApplicationContext: initialization completed in 266 ms
2025-02-28T15:28:24.786+05:30  INFO 10056 --- [employee_payroll_app] [restartedMain] o.hibernate.jpa.internal.util.LogHelper  : HHH000204: Processing PersistenceUnitInfo [name: default]
2025-02-28T15:28:24.791+05:30  INFO 10056 --- [employee_payroll_app] [restartedMain] o.h.c.internal.RegionFactoryInitiator    : HHH000026: Second-level cache disabled
2025-02-28T15:28:24.803+05:30  INFO 10056 --- [employee_payroll_app] [restartedMain] o.s.o.j.p.SpringPersistenceUnitInfo      : No LoadTimeWeaver setup: ignoring JPA class transformer
2025-02-28T15:28:24.804+05:30  INFO 10056 --- [employee_payroll_app] [restartedMain] com.zaxxer.hikari.HikariDataSource       : HikariPool-7 - Starting...
2025-02-28T15:28:24.826+05:30  INFO 10056 --- [employee_payroll_app] [restartedMain] com.zaxxer.hikari.pool.HikariPool        : HikariPool-7 - Added connection com.mysql.cj.jdbc.ConnectionImpl@5ed52f1e
2025-02-28T15:28:24.827+05:30  INFO 10056 --- [employee_payroll_app] [restartedMain] com.zaxxer.hikari.HikariDataSource       : HikariPool-7 - Start completed.
2025-02-28T15:28:24.828+05:30  WARN 10056 --- [employee_payroll_app] [restartedMain] org.hibernate.orm.deprecation            : HHH90000025: MySQL8Dialect does not need to be specified explicitly using 'hibernate.dialect' (remove the property setting and it will be selected by default)
2025-02-28T15:28:24.828+05:30  WARN 10056 --- [employee_payroll_app] [restartedMain] org.hibernate.orm.deprecation            : HHH90000026: MySQL8Dialect has been deprecated; use org.hibernate.dialect.MySQLDialect instead
2025-02-28T15:28:24.829+05:30  INFO 10056 --- [employee_payroll_app] [restartedMain] org.hibernate.orm.connections.pooling    : HHH10001005: Database info:
	Database JDBC URL [Connecting through datasource 'HikariDataSource (HikariPool-7)']
	Database driver: undefined/unknown
	Database version: 8.0
	Autocommit mode: undefined/unknown
	Isolation level: undefined/unknown
	Minimum pool size: undefined/unknown
	Maximum pool size: undefined/unknown
2025-02-28T15:28:24.913+05:30  INFO 10056 --- [employee_payroll_app] [restartedMain] o.h.e.t.j.p.i.JtaPlatformInitiator       : HHH000489: No JTA platform available (set 'hibernate.transaction.jta.platform' to enable JTA platform integration)
2025-02-28T15:28:24.928+05:30  INFO 10056 --- [employee_payroll_app] [restartedMain] j.LocalContainerEntityManagerFactoryBean : Initialized JPA EntityManagerFactory for persistence unit 'default'
2025-02-28T15:28:24.969+05:30  WARN 10056 --- [employee_payroll_app] [restartedMain] JpaBaseConfiguration$JpaWebConfiguration : spring.jpa.open-in-view is enabled by default. Therefore, database queries may be performed during view rendering. Explicitly configure spring.jpa.open-in-view to disable this warning
2025-02-28T15:28:25.111+05:30  INFO 10056 --- [employee_payroll_app] [restartedMain] o.s.b.d.a.OptionalLiveReloadServer       : LiveReload server is running on port 35729
2025-02-28T15:28:25.121+05:30  INFO 10056 --- [employee_payroll_app] [restartedMain] o.s.b.w.embedded.tomcat.TomcatWebServer  : Tomcat started on port 8080 (http) with context path '/'
2025-02-28T15:28:25.130+05:30  INFO 10056 --- [employee_payroll_app] [restartedMain] c.payroll.EmployeePayrollAppApplication  : Started EmployeePayrollAppApplication in 0.696 seconds (process running for 270.346)
2025-02-28T15:28:25.132+05:30  INFO 10056 --- [employee_payroll_app] [restartedMain] .ConditionEvaluationDeltaLoggingListener : Condition evaluation unchanged
2025-02-28T15:28:28.592+05:30  INFO 10056 --- [employee_payroll_app] [File Watcher] rtingClassPathChangeChangedEventListener : Restarting due to 1 class path change (0 additions, 0 deletions, 1 modification)
2025-02-28T15:28:28.596+05:30  INFO 10056 --- [employee_payroll_app] [Thread-27] o.s.b.w.e.tomcat.GracefulShutdown        : Commencing graceful shutdown. Waiting for active requests to complete
2025-02-28T15:28:28.754+05:30  INFO 10056 --- [employee_payroll_app] [tomcat-shutdown] o.s.b.w.e.tomcat.GracefulShutdown        : Graceful shutdown complete
2025-02-28T15:28:28.756+05:30  INFO 10056 --- [employee_payroll_app] [Thread-27] j.LocalContainerEntityManagerFactoryBean : Closing JPA EntityManagerFactory for persistence unit 'default'
2025-02-28T15:28:28.757+05:30  INFO 10056 --- [employee_payroll_app] [Thread-27] com.zaxxer.hikari.HikariDataSource       : HikariPool-7 - Shutdown initiated...
2025-02-28T15:28:28.762+05:30  INFO 10056 --- [employee_payroll_app] [Thread-27] com.zaxxer.hikari.HikariDataSource       : HikariPool-7 - Shutdown completed.
2025-02-28T15:28:28.844+05:30  INFO 10056 --- [employee_payroll_app] [restartedMain] c.payroll.EmployeePayrollAppApplication  : Starting EmployeePayrollAppApplication using Java 17.0.12 with PID 10056 (C:\Users\sonuc\Desktop\Java\SpringBoot\Employee-Payroll-App\employee_payroll_app\target\classes started by sonuc in C:\Users\sonuc\Desktop\Java\SpringBoot\Employee-Payroll-App\employee_payroll_app)
2025-02-28T15:28:28.845+05:30 DEBUG 10056 --- [employee_payroll_app] [restartedMain] c.payroll.EmployeePayrollAppApplication  : Running with Spring Boot v3.4.3, Spring v6.2.3
2025-02-28T15:28:28.847+05:30  INFO 10056 --- [employee_payroll_app] [restartedMain] c.payroll.EmployeePayrollAppApplication  : No active profile set, falling back to 1 default profile: "default"
2025-02-28T15:28:29.023+05:30  INFO 10056 --- [employee_payroll_app] [restartedMain] .s.d.r.c.RepositoryConfigurationDelegate : Bootstrapping Spring Data JPA repositories in DEFAULT mode.
2025-02-28T15:28:29.035+05:30  INFO 10056 --- [employee_payroll_app] [restartedMain] .s.d.r.c.RepositoryConfigurationDelegate : Finished Spring Data repository scanning in 9 ms. Found 1 JPA repository interface.
2025-02-28T15:28:29.125+05:30  INFO 10056 --- [employee_payroll_app] [restartedMain] o.s.b.w.embedded.tomcat.TomcatWebServer  : Tomcat initialized with port 8080 (http)
2025-02-28T15:28:29.127+05:30  INFO 10056 --- [employee_payroll_app] [restartedMain] o.apache.catalina.core.StandardService   : Starting service [Tomcat]
2025-02-28T15:28:29.128+05:30  INFO 10056 --- [employee_payroll_app] [restartedMain] o.apache.catalina.core.StandardEngine    : Starting Servlet engine: [Apache Tomcat/10.1.36]
2025-02-28T15:28:29.146+05:30  INFO 10056 --- [employee_payroll_app] [restartedMain] o.a.c.c.C.[Tomcat].[localhost].[/]       : Initializing Spring embedded WebApplicationContext
2025-02-28T15:28:29.146+05:30  INFO 10056 --- [employee_payroll_app] [restartedMain] w.s.c.ServletWebServerApplicationContext : Root WebApplicationContext: initialization completed in 297 ms
2025-02-28T15:28:29.190+05:30  INFO 10056 --- [employee_payroll_app] [restartedMain] o.hibernate.jpa.internal.util.LogHelper  : HHH000204: Processing PersistenceUnitInfo [name: default]
2025-02-28T15:28:29.195+05:30  INFO 10056 --- [employee_payroll_app] [restartedMain] o.h.c.internal.RegionFactoryInitiator    : HHH000026: Second-level cache disabled
2025-02-28T15:28:29.207+05:30  INFO 10056 --- [employee_payroll_app] [restartedMain] o.s.o.j.p.SpringPersistenceUnitInfo      : No LoadTimeWeaver setup: ignoring JPA class transformer
2025-02-28T15:28:29.210+05:30  INFO 10056 --- [employee_payroll_app] [restartedMain] com.zaxxer.hikari.HikariDataSource       : HikariPool-8 - Starting...
2025-02-28T15:28:29.225+05:30  INFO 10056 --- [employee_payroll_app] [restartedMain] com.zaxxer.hikari.pool.HikariPool        : HikariPool-8 - Added connection com.mysql.cj.jdbc.ConnectionImpl@6fd55976
2025-02-28T15:28:29.226+05:30  INFO 10056 --- [employee_payroll_app] [restartedMain] com.zaxxer.hikari.HikariDataSource       : HikariPool-8 - Start completed.
2025-02-28T15:28:29.228+05:30  WARN 10056 --- [employee_payroll_app] [restartedMain] org.hibernate.orm.deprecation            : HHH90000025: MySQL8Dialect does not need to be specified explicitly using 'hibernate.dialect' (remove the property setting and it will be selected by default)
2025-02-28T15:28:29.228+05:30  WARN 10056 --- [employee_payroll_app] [restartedMain] org.hibernate.orm.deprecation            : HHH90000026: MySQL8Dialect has been deprecated; use org.hibernate.dialect.MySQLDialect instead
2025-02-28T15:28:29.228+05:30  INFO 10056 --- [employee_payroll_app] [restartedMain] org.hibernate.orm.connections.pooling    : HHH10001005: Database info:
	Database JDBC URL [Connecting through datasource 'HikariDataSource (HikariPool-8)']
	Database driver: undefined/unknown
	Database version: 8.0
	Autocommit mode: undefined/unknown
	Isolation level: undefined/unknown
	Minimum pool size: undefined/unknown
	Maximum pool size: undefined/unknown
2025-02-28T15:28:29.281+05:30  INFO 10056 --- [employee_payroll_app] [restartedMain] o.h.e.t.j.p.i.JtaPlatformInitiator       : HHH000489: No JTA platform available (set 'hibernate.transaction.jta.platform' to enable JTA platform integration)
2025-02-28T15:28:29.294+05:30  INFO 10056 --- [employee_payroll_app] [restartedMain] j.LocalContainerEntityManagerFactoryBean : Initialized JPA EntityManagerFactory for persistence unit 'default'
2025-02-28T15:28:29.316+05:30  WARN 10056 --- [employee_payroll_app] [restartedMain] JpaBaseConfiguration$JpaWebConfiguration : spring.jpa.open-in-view is enabled by default. Therefore, database queries may be performed during view rendering. Explicitly configure spring.jpa.open-in-view to disable this warning
2025-02-28T15:28:29.442+05:30  INFO 10056 --- [employee_payroll_app] [restartedMain] o.s.b.d.a.OptionalLiveReloadServer       : LiveReload server is running on port 35729
2025-02-28T15:28:29.453+05:30  INFO 10056 --- [employee_payroll_app] [restartedMain] o.s.b.w.embedded.tomcat.TomcatWebServer  : Tomcat started on port 8080 (http) with context path '/'
2025-02-28T15:28:29.459+05:30  INFO 10056 --- [employee_payroll_app] [restartedMain] c.payroll.EmployeePayrollAppApplication  : Started EmployeePayrollAppApplication in 0.646 seconds (process running for 274.676)
2025-02-28T15:28:29.462+05:30  INFO 10056 --- [employee_payroll_app] [restartedMain] .ConditionEvaluationDeltaLoggingListener : Condition evaluation unchanged
2025-02-28T15:28:35.998+05:30  INFO 10056 --- [employee_payroll_app] [File Watcher] rtingClassPathChangeChangedEventListener : Restarting due to 1 class path change (0 additions, 0 deletions, 1 modification)
2025-02-28T15:28:36.000+05:30  INFO 10056 --- [employee_payroll_app] [Thread-31] o.s.b.w.e.tomcat.GracefulShutdown        : Commencing graceful shutdown. Waiting for active requests to complete
2025-02-28T15:28:36.148+05:30  INFO 10056 --- [employee_payroll_app] [tomcat-shutdown] o.s.b.w.e.tomcat.GracefulShutdown        : Graceful shutdown complete
2025-02-28T15:28:36.150+05:30  INFO 10056 --- [employee_payroll_app] [Thread-31] j.LocalContainerEntityManagerFactoryBean : Closing JPA EntityManagerFactory for persistence unit 'default'
2025-02-28T15:28:36.151+05:30  INFO 10056 --- [employee_payroll_app] [Thread-31] com.zaxxer.hikari.HikariDataSource       : HikariPool-8 - Shutdown initiated...
2025-02-28T15:28:36.156+05:30  INFO 10056 --- [employee_payroll_app] [Thread-31] com.zaxxer.hikari.HikariDataSource       : HikariPool-8 - Shutdown completed.
2025-02-28T15:28:36.247+05:30  INFO 10056 --- [employee_payroll_app] [restartedMain] c.payroll.EmployeePayrollAppApplication  : Starting EmployeePayrollAppApplication using Java 17.0.12 with PID 10056 (C:\Users\sonuc\Desktop\Java\SpringBoot\Employee-Payroll-App\employee_payroll_app\target\classes started by sonuc in C:\Users\sonuc\Desktop\Java\SpringBoot\Employee-Payroll-App\employee_payroll_app)
2025-02-28T15:28:36.248+05:30 DEBUG 10056 --- [employee_payroll_app] [restartedMain] c.payroll.EmployeePayrollAppApplication  : Running with Spring Boot v3.4.3, Spring v6.2.3
2025-02-28T15:28:36.248+05:30  INFO 10056 --- [employee_payroll_app] [restartedMain] c.payroll.EmployeePayrollAppApplication  : No active profile set, falling back to 1 default profile: "default"
2025-02-28T15:28:36.417+05:30  INFO 10056 --- [employee_payroll_app] [restartedMain] .s.d.r.c.RepositoryConfigurationDelegate : Bootstrapping Spring Data JPA repositories in DEFAULT mode.
2025-02-28T15:28:36.425+05:30  INFO 10056 --- [employee_payroll_app] [restartedMain] .s.d.r.c.RepositoryConfigurationDelegate : Finished Spring Data repository scanning in 6 ms. Found 1 JPA repository interface.
2025-02-28T15:28:36.509+05:30  INFO 10056 --- [employee_payroll_app] [restartedMain] o.s.b.w.embedded.tomcat.TomcatWebServer  : Tomcat initialized with port 8080 (http)
2025-02-28T15:28:36.510+05:30  INFO 10056 --- [employee_payroll_app] [restartedMain] o.apache.catalina.core.StandardService   : Starting service [Tomcat]
2025-02-28T15:28:36.511+05:30  INFO 10056 --- [employee_payroll_app] [restartedMain] o.apache.catalina.core.StandardEngine    : Starting Servlet engine: [Apache Tomcat/10.1.36]
2025-02-28T15:28:36.528+05:30  INFO 10056 --- [employee_payroll_app] [restartedMain] o.a.c.c.C.[Tomcat].[localhost].[/]       : Initializing Spring embedded WebApplicationContext
2025-02-28T15:28:36.529+05:30  INFO 10056 --- [employee_payroll_app] [restartedMain] w.s.c.ServletWebServerApplicationContext : Root WebApplicationContext: initialization completed in 278 ms
2025-02-28T15:28:36.573+05:30  INFO 10056 --- [employee_payroll_app] [restartedMain] o.hibernate.jpa.internal.util.LogHelper  : HHH000204: Processing PersistenceUnitInfo [name: default]
2025-02-28T15:28:36.578+05:30  INFO 10056 --- [employee_payroll_app] [restartedMain] o.h.c.internal.RegionFactoryInitiator    : HHH000026: Second-level cache disabled
2025-02-28T15:28:36.590+05:30  INFO 10056 --- [employee_payroll_app] [restartedMain] o.s.o.j.p.SpringPersistenceUnitInfo      : No LoadTimeWeaver setup: ignoring JPA class transformer
2025-02-28T15:28:36.592+05:30  INFO 10056 --- [employee_payroll_app] [restartedMain] com.zaxxer.hikari.HikariDataSource       : HikariPool-9 - Starting...
2025-02-28T15:28:36.607+05:30  INFO 10056 --- [employee_payroll_app] [restartedMain] com.zaxxer.hikari.pool.HikariPool        : HikariPool-9 - Added connection com.mysql.cj.jdbc.ConnectionImpl@5621a3ea
2025-02-28T15:28:36.607+05:30  INFO 10056 --- [employee_payroll_app] [restartedMain] com.zaxxer.hikari.HikariDataSource       : HikariPool-9 - Start completed.
2025-02-28T15:28:36.608+05:30  WARN 10056 --- [employee_payroll_app] [restartedMain] org.hibernate.orm.deprecation            : HHH90000025: MySQL8Dialect does not need to be specified explicitly using 'hibernate.dialect' (remove the property setting and it will be selected by default)
2025-02-28T15:28:36.609+05:30  WARN 10056 --- [employee_payroll_app] [restartedMain] org.hibernate.orm.deprecation            : HHH90000026: MySQL8Dialect has been deprecated; use org.hibernate.dialect.MySQLDialect instead
2025-02-28T15:28:36.610+05:30  INFO 10056 --- [employee_payroll_app] [restartedMain] org.hibernate.orm.connections.pooling    : HHH10001005: Database info:
	Database JDBC URL [Connecting through datasource 'HikariDataSource (HikariPool-9)']
	Database driver: undefined/unknown
	Database version: 8.0
	Autocommit mode: undefined/unknown
	Isolation level: undefined/unknown
	Minimum pool size: undefined/unknown
	Maximum pool size: undefined/unknown
2025-02-28T15:28:36.661+05:30  INFO 10056 --- [employee_payroll_app] [restartedMain] o.h.e.t.j.p.i.JtaPlatformInitiator       : HHH000489: No JTA platform available (set 'hibernate.transaction.jta.platform' to enable JTA platform integration)
2025-02-28T15:28:36.673+05:30  INFO 10056 --- [employee_payroll_app] [restartedMain] j.LocalContainerEntityManagerFactoryBean : Initialized JPA EntityManagerFactory for persistence unit 'default'
2025-02-28T15:28:36.724+05:30  WARN 10056 --- [employee_payroll_app] [restartedMain] JpaBaseConfiguration$JpaWebConfiguration : spring.jpa.open-in-view is enabled by default. Therefore, database queries may be performed during view rendering. Explicitly configure spring.jpa.open-in-view to disable this warning
2025-02-28T15:28:36.949+05:30  INFO 10056 --- [employee_payroll_app] [restartedMain] o.s.b.d.a.OptionalLiveReloadServer       : LiveReload server is running on port 35729
2025-02-28T15:28:36.959+05:30  INFO 10056 --- [employee_payroll_app] [restartedMain] o.s.b.w.embedded.tomcat.TomcatWebServer  : Tomcat started on port 8080 (http) with context path '/'
2025-02-28T15:28:36.966+05:30  INFO 10056 --- [employee_payroll_app] [restartedMain] c.payroll.EmployeePayrollAppApplication  : Started EmployeePayrollAppApplication in 0.75 seconds (process running for 282.182)
2025-02-28T15:28:36.968+05:30  INFO 10056 --- [employee_payroll_app] [restartedMain] .ConditionEvaluationDeltaLoggingListener : Condition evaluation unchanged
2025-02-28T15:28:38.390+05:30  INFO 10056 --- [employee_payroll_app] [File Watcher] rtingClassPathChangeChangedEventListener : Restarting due to 1 class path change (0 additions, 0 deletions, 1 modification)
2025-02-28T15:28:38.392+05:30  INFO 10056 --- [employee_payroll_app] [Thread-35] o.s.b.w.e.tomcat.GracefulShutdown        : Commencing graceful shutdown. Waiting for active requests to complete
2025-02-28T15:28:38.537+05:30  INFO 10056 --- [employee_payroll_app] [tomcat-shutdown] o.s.b.w.e.tomcat.GracefulShutdown        : Graceful shutdown complete
2025-02-28T15:28:38.539+05:30  INFO 10056 --- [employee_payroll_app] [Thread-35] j.LocalContainerEntityManagerFactoryBean : Closing JPA EntityManagerFactory for persistence unit 'default'
2025-02-28T15:28:38.540+05:30  INFO 10056 --- [employee_payroll_app] [Thread-35] com.zaxxer.hikari.HikariDataSource       : HikariPool-9 - Shutdown initiated...
2025-02-28T15:28:38.546+05:30  INFO 10056 --- [employee_payroll_app] [Thread-35] com.zaxxer.hikari.HikariDataSource       : HikariPool-9 - Shutdown completed.
2025-02-28T15:28:38.623+05:30  INFO 10056 --- [employee_payroll_app] [restartedMain] c.payroll.EmployeePayrollAppApplication  : Starting EmployeePayrollAppApplication using Java 17.0.12 with PID 10056 (C:\Users\sonuc\Desktop\Java\SpringBoot\Employee-Payroll-App\employee_payroll_app\target\classes started by sonuc in C:\Users\sonuc\Desktop\Java\SpringBoot\Employee-Payroll-App\employee_payroll_app)
2025-02-28T15:28:38.624+05:30 DEBUG 10056 --- [employee_payroll_app] [restartedMain] c.payroll.EmployeePayrollAppApplication  : Running with Spring Boot v3.4.3, Spring v6.2.3
2025-02-28T15:28:38.624+05:30  INFO 10056 --- [employee_payroll_app] [restartedMain] c.payroll.EmployeePayrollAppApplication  : No active profile set, falling back to 1 default profile: "default"
2025-02-28T15:28:38.811+05:30  INFO 10056 --- [employee_payroll_app] [restartedMain] .s.d.r.c.RepositoryConfigurationDelegate : Bootstrapping Spring Data JPA repositories in DEFAULT mode.
2025-02-28T15:28:38.819+05:30  INFO 10056 --- [employee_payroll_app] [restartedMain] .s.d.r.c.RepositoryConfigurationDelegate : Finished Spring Data repository scanning in 5 ms. Found 1 JPA repository interface.
2025-02-28T15:28:38.910+05:30  INFO 10056 --- [employee_payroll_app] [restartedMain] o.s.b.w.embedded.tomcat.TomcatWebServer  : Tomcat initialized with port 8080 (http)
2025-02-28T15:28:38.911+05:30  INFO 10056 --- [employee_payroll_app] [restartedMain] o.apache.catalina.core.StandardService   : Starting service [Tomcat]
2025-02-28T15:28:38.912+05:30  INFO 10056 --- [employee_payroll_app] [restartedMain] o.apache.catalina.core.StandardEngine    : Starting Servlet engine: [Apache Tomcat/10.1.36]
2025-02-28T15:28:38.930+05:30  INFO 10056 --- [employee_payroll_app] [restartedMain] o.a.c.c.C.[Tomcat].[localhost].[/]       : Initializing Spring embedded WebApplicationContext
2025-02-28T15:28:38.930+05:30  INFO 10056 --- [employee_payroll_app] [restartedMain] w.s.c.ServletWebServerApplicationContext : Root WebApplicationContext: initialization completed in 303 ms
2025-02-28T15:28:38.948+05:30  INFO 10056 --- [employee_payroll_app] [restartedMain] o.hibernate.jpa.internal.util.LogHelper  : HHH000204: Processing PersistenceUnitInfo [name: default]
2025-02-28T15:28:38.965+05:30  INFO 10056 --- [employee_payroll_app] [restartedMain] o.h.c.internal.RegionFactoryInitiator    : HHH000026: Second-level cache disabled
2025-02-28T15:28:38.979+05:30  INFO 10056 --- [employee_payroll_app] [restartedMain] o.s.o.j.p.SpringPersistenceUnitInfo      : No LoadTimeWeaver setup: ignoring JPA class transformer
2025-02-28T15:28:38.981+05:30  INFO 10056 --- [employee_payroll_app] [restartedMain] com.zaxxer.hikari.HikariDataSource       : HikariPool-10 - Starting...
2025-02-28T15:28:38.993+05:30  INFO 10056 --- [employee_payroll_app] [restartedMain] com.zaxxer.hikari.pool.HikariPool        : HikariPool-10 - Added connection com.mysql.cj.jdbc.ConnectionImpl@1fdf6957
2025-02-28T15:28:38.994+05:30  INFO 10056 --- [employee_payroll_app] [restartedMain] com.zaxxer.hikari.HikariDataSource       : HikariPool-10 - Start completed.
2025-02-28T15:28:38.995+05:30  WARN 10056 --- [employee_payroll_app] [restartedMain] org.hibernate.orm.deprecation            : HHH90000025: MySQL8Dialect does not need to be specified explicitly using 'hibernate.dialect' (remove the property setting and it will be selected by default)
2025-02-28T15:28:38.996+05:30  WARN 10056 --- [employee_payroll_app] [restartedMain] org.hibernate.orm.deprecation            : HHH90000026: MySQL8Dialect has been deprecated; use org.hibernate.dialect.MySQLDialect instead
2025-02-28T15:28:38.997+05:30  INFO 10056 --- [employee_payroll_app] [restartedMain] org.hibernate.orm.connections.pooling    : HHH10001005: Database info:
	Database JDBC URL [Connecting through datasource 'HikariDataSource (HikariPool-10)']
	Database driver: undefined/unknown
	Database version: 8.0
	Autocommit mode: undefined/unknown
	Isolation level: undefined/unknown
	Minimum pool size: undefined/unknown
	Maximum pool size: undefined/unknown
2025-02-28T15:28:39.035+05:30  INFO 10056 --- [employee_payroll_app] [restartedMain] o.h.e.t.j.p.i.JtaPlatformInitiator       : HHH000489: No JTA platform available (set 'hibernate.transaction.jta.platform' to enable JTA platform integration)
2025-02-28T15:28:39.037+05:30  INFO 10056 --- [employee_payroll_app] [restartedMain] j.LocalContainerEntityManagerFactoryBean : Initialized JPA EntityManagerFactory for persistence unit 'default'
2025-02-28T15:28:39.068+05:30  WARN 10056 --- [employee_payroll_app] [restartedMain] JpaBaseConfiguration$JpaWebConfiguration : spring.jpa.open-in-view is enabled by default. Therefore, database queries may be performed during view rendering. Explicitly configure spring.jpa.open-in-view to disable this warning
2025-02-28T15:28:39.204+05:30  INFO 10056 --- [employee_payroll_app] [restartedMain] o.s.b.d.a.OptionalLiveReloadServer       : LiveReload server is running on port 35729
2025-02-28T15:28:39.215+05:30  INFO 10056 --- [employee_payroll_app] [restartedMain] o.s.b.w.embedded.tomcat.TomcatWebServer  : Tomcat started on port 8080 (http) with context path '/'
2025-02-28T15:28:39.221+05:30  INFO 10056 --- [employee_payroll_app] [restartedMain] c.payroll.EmployeePayrollAppApplication  : Started EmployeePayrollAppApplication in 0.628 seconds (process running for 284.437)
2025-02-28T15:28:39.223+05:30  INFO 10056 --- [employee_payroll_app] [restartedMain] .ConditionEvaluationDeltaLoggingListener : Condition evaluation unchanged
2025-02-28T15:28:41.657+05:30  INFO 10056 --- [employee_payroll_app] [File Watcher] rtingClassPathChangeChangedEventListener : Restarting due to 1 class path change (0 additions, 0 deletions, 1 modification)
2025-02-28T15:28:41.658+05:30  INFO 10056 --- [employee_payroll_app] [Thread-39] o.s.b.w.e.tomcat.GracefulShutdown        : Commencing graceful shutdown. Waiting for active requests to complete
2025-02-28T15:28:41.794+05:30  INFO 10056 --- [employee_payroll_app] [tomcat-shutdown] o.s.b.w.e.tomcat.GracefulShutdown        : Graceful shutdown complete
2025-02-28T15:28:41.796+05:30  INFO 10056 --- [employee_payroll_app] [Thread-39] j.LocalContainerEntityManagerFactoryBean : Closing JPA EntityManagerFactory for persistence unit 'default'
2025-02-28T15:28:41.797+05:30  INFO 10056 --- [employee_payroll_app] [Thread-39] com.zaxxer.hikari.HikariDataSource       : HikariPool-10 - Shutdown initiated...
2025-02-28T15:28:41.801+05:30  INFO 10056 --- [employee_payroll_app] [Thread-39] com.zaxxer.hikari.HikariDataSource       : HikariPool-10 - Shutdown completed.
2025-02-28T15:28:41.886+05:30  INFO 10056 --- [employee_payroll_app] [restartedMain] c.payroll.EmployeePayrollAppApplication  : Starting EmployeePayrollAppApplication using Java 17.0.12 with PID 10056 (C:\Users\sonuc\Desktop\Java\SpringBoot\Employee-Payroll-App\employee_payroll_app\target\classes started by sonuc in C:\Users\sonuc\Desktop\Java\SpringBoot\Employee-Payroll-App\employee_payroll_app)
2025-02-28T15:28:41.888+05:30 DEBUG 10056 --- [employee_payroll_app] [restartedMain] c.payroll.EmployeePayrollAppApplication  : Running with Spring Boot v3.4.3, Spring v6.2.3
2025-02-28T15:28:41.889+05:30  INFO 10056 --- [employee_payroll_app] [restartedMain] c.payroll.EmployeePayrollAppApplication  : No active profile set, falling back to 1 default profile: "default"
2025-02-28T15:28:42.155+05:30  INFO 10056 --- [employee_payroll_app] [restartedMain] .s.d.r.c.RepositoryConfigurationDelegate : Bootstrapping Spring Data JPA repositories in DEFAULT mode.
2025-02-28T15:28:42.163+05:30  INFO 10056 --- [employee_payroll_app] [restartedMain] .s.d.r.c.RepositoryConfigurationDelegate : Finished Spring Data repository scanning in 6 ms. Found 1 JPA repository interface.
2025-02-28T15:28:42.237+05:30  INFO 10056 --- [employee_payroll_app] [restartedMain] o.s.b.w.embedded.tomcat.TomcatWebServer  : Tomcat initialized with port 8080 (http)
2025-02-28T15:28:42.238+05:30  INFO 10056 --- [employee_payroll_app] [restartedMain] o.apache.catalina.core.StandardService   : Starting service [Tomcat]
2025-02-28T15:28:42.239+05:30  INFO 10056 --- [employee_payroll_app] [restartedMain] o.apache.catalina.core.StandardEngine    : Starting Servlet engine: [Apache Tomcat/10.1.36]
2025-02-28T15:28:42.262+05:30  INFO 10056 --- [employee_payroll_app] [restartedMain] o.a.c.c.C.[Tomcat].[localhost].[/]       : Initializing Spring embedded WebApplicationContext
2025-02-28T15:28:42.263+05:30  INFO 10056 --- [employee_payroll_app] [restartedMain] w.s.c.ServletWebServerApplicationContext : Root WebApplicationContext: initialization completed in 372 ms
2025-02-28T15:28:42.299+05:30  INFO 10056 --- [employee_payroll_app] [restartedMain] o.hibernate.jpa.internal.util.LogHelper  : HHH000204: Processing PersistenceUnitInfo [name: default]
2025-02-28T15:28:42.303+05:30  INFO 10056 --- [employee_payroll_app] [restartedMain] o.h.c.internal.RegionFactoryInitiator    : HHH000026: Second-level cache disabled
2025-02-28T15:28:42.315+05:30  INFO 10056 --- [employee_payroll_app] [restartedMain] o.s.o.j.p.SpringPersistenceUnitInfo      : No LoadTimeWeaver setup: ignoring JPA class transformer
2025-02-28T15:28:42.317+05:30  INFO 10056 --- [employee_payroll_app] [restartedMain] com.zaxxer.hikari.HikariDataSource       : HikariPool-11 - Starting...
2025-02-28T15:28:42.339+05:30  INFO 10056 --- [employee_payroll_app] [restartedMain] com.zaxxer.hikari.pool.HikariPool        : HikariPool-11 - Added connection com.mysql.cj.jdbc.ConnectionImpl@4f2e6218
2025-02-28T15:28:42.340+05:30  INFO 10056 --- [employee_payroll_app] [restartedMain] com.zaxxer.hikari.HikariDataSource       : HikariPool-11 - Start completed.
2025-02-28T15:28:42.341+05:30  WARN 10056 --- [employee_payroll_app] [restartedMain] org.hibernate.orm.deprecation            : HHH90000025: MySQL8Dialect does not need to be specified explicitly using 'hibernate.dialect' (remove the property setting and it will be selected by default)
2025-02-28T15:28:42.342+05:30  WARN 10056 --- [employee_payroll_app] [restartedMain] org.hibernate.orm.deprecation            : HHH90000026: MySQL8Dialect has been deprecated; use org.hibernate.dialect.MySQLDialect instead
2025-02-28T15:28:42.342+05:30  INFO 10056 --- [employee_payroll_app] [restartedMain] org.hibernate.orm.connections.pooling    : HHH10001005: Database info:
	Database JDBC URL [Connecting through datasource 'HikariDataSource (HikariPool-11)']
	Database driver: undefined/unknown
	Database version: 8.0
	Autocommit mode: undefined/unknown
	Isolation level: undefined/unknown
	Minimum pool size: undefined/unknown
	Maximum pool size: undefined/unknown
2025-02-28T15:28:42.404+05:30  INFO 10056 --- [employee_payroll_app] [restartedMain] o.h.e.t.j.p.i.JtaPlatformInitiator       : HHH000489: No JTA platform available (set 'hibernate.transaction.jta.platform' to enable JTA platform integration)
2025-02-28T15:28:42.415+05:30  INFO 10056 --- [employee_payroll_app] [restartedMain] j.LocalContainerEntityManagerFactoryBean : Initialized JPA EntityManagerFactory for persistence unit 'default'
2025-02-28T15:28:42.447+05:30  WARN 10056 --- [employee_payroll_app] [restartedMain] JpaBaseConfiguration$JpaWebConfiguration : spring.jpa.open-in-view is enabled by default. Therefore, database queries may be performed during view rendering. Explicitly configure spring.jpa.open-in-view to disable this warning
2025-02-28T15:28:42.588+05:30  INFO 10056 --- [employee_payroll_app] [restartedMain] o.s.b.d.a.OptionalLiveReloadServer       : LiveReload server is running on port 35729
2025-02-28T15:28:42.600+05:30  INFO 10056 --- [employee_payroll_app] [restartedMain] o.s.b.w.embedded.tomcat.TomcatWebServer  : Tomcat started on port 8080 (http) with context path '/'
2025-02-28T15:28:42.607+05:30  INFO 10056 --- [employee_payroll_app] [restartedMain] c.payroll.EmployeePayrollAppApplication  : Started EmployeePayrollAppApplication in 0.756 seconds (process running for 287.822)
2025-02-28T15:28:42.609+05:30  INFO 10056 --- [employee_payroll_app] [restartedMain] .ConditionEvaluationDeltaLoggingListener : Condition evaluation unchanged
2025-02-28T15:29:00.015+05:30  INFO 10056 --- [employee_payroll_app] [SpringApplicationShutdownHook] o.s.b.w.e.tomcat.GracefulShutdown        : Commencing graceful shutdown. Waiting for active requests to complete
2025-02-28T15:29:00.156+05:30  INFO 10056 --- [employee_payroll_app] [tomcat-shutdown] o.s.b.w.e.tomcat.GracefulShutdown        : Graceful shutdown complete
2025-02-28T15:29:00.158+05:30  INFO 10056 --- [employee_payroll_app] [SpringApplicationShutdownHook] j.LocalContainerEntityManagerFactoryBean : Closing JPA EntityManagerFactory for persistence unit 'default'
2025-02-28T15:29:00.159+05:30  INFO 10056 --- [employee_payroll_app] [SpringApplicationShutdownHook] com.zaxxer.hikari.HikariDataSource       : HikariPool-11 - Shutdown initiated...
2025-02-28T15:29:00.163+05:30  INFO 10056 --- [employee_payroll_app] [SpringApplicationShutdownHook] com.zaxxer.hikari.HikariDataSource       : HikariPool-11 - Shutdown completed.
